<?xml version="1.0" encoding="UTF-8"?>
<!-- Generated by org.testng.reporters.JUnitReportReporter -->
<testsuite skipped="0" hostname="P6VDINPD146" name="cn.gloryroad.ReporterTest" tests="3" failures="0" timestamp="2020-01-17T15:56:50 CST" time="0.047" errors="0">
  <testcase name="SingIn" time="0.001" classname="cn.gloryroad.ReporterTest"/>
  <testcase name="OpenBrowser" time="0.001" classname="cn.gloryroad.ReporterTest"/>
  <testcase name="LogOut" time="0.045" classname="cn.gloryroad.ReporterTest"/>
</testsuite> <!-- cn.gloryroad.ReporterTest -->
