<?xml version="1.0" encoding="UTF-8"?>
<!-- Generated by org.testng.reporters.JUnitReportReporter -->
<testsuite skipped="0" hostname="P6VDINPD146" name="cn.gloryroad.AssertTest" tests="1" failures="0" timestamp="2020-01-17T16:56:37 CST" time="25.263" errors="0">
  <testcase name="testSogouSearch" time="25.263" classname="cn.gloryroad.AssertTest"/>
</testsuite> <!-- cn.gloryroad.AssertTest -->
