<?xml version="1.0" encoding="UTF-8"?>
<!-- Generated by org.testng.reporters.JUnitReportReporter -->
<testsuite skipped="0" hostname="P6VDINPD146" name="cn.gloryroad.DependentTest" tests="3" failures="0" timestamp="2020-01-17T15:32:20 CST" time="0.047" errors="0">
  <testcase name="OpenBrowser" time="0.044" classname="cn.gloryroad.DependentTest"/>
  <testcase name="SingIn" time="0.002" classname="cn.gloryroad.DependentTest"/>
  <testcase name="LogOut" time="0.001" classname="cn.gloryroad.DependentTest"/>
</testsuite> <!-- cn.gloryroad.DependentTest -->
