<?xml version="1.0" encoding="UTF-8"?>
<!-- Generated by org.testng.reporters.JUnitReportReporter -->
<testsuite skipped="0" hostname="P6VDINPD146" name="cn.gloryroad.Annotation" tests="3" failures="0" timestamp="2020-01-17T11:08:55 CST" time="0.021" errors="0">
  <testcase name="testCase3" time="0.004" classname="cn.gloryroad.Annotation"/>
  <testcase name="testCase2" time="0.005" classname="cn.gloryroad.Annotation"/>
  <testcase name="testCase1" time="0.012" classname="cn.gloryroad.Annotation"/>
</testsuite> <!-- cn.gloryroad.Annotation -->
