<?xml version="1.0" encoding="UTF-8"?>
<!-- Generated by org.testng.reporters.JUnitReportReporter -->
<testsuite skipped="0" hostname="P6VDINPD146" name="cn.gloryroad.Grouping" tests="5" failures="0" timestamp="2020-01-17T14:42:50 CST" time="0.058" errors="0">
  <testcase name="dog" time="0.001" classname="cn.gloryroad.Grouping"/>
  <testcase name="teacher" time="0.022" classname="cn.gloryroad.Grouping"/>
  <testcase name="feeder" time="0.001" classname="cn.gloryroad.Grouping"/>
  <testcase name="student" time="0.001" classname="cn.gloryroad.Grouping"/>
  <testcase name="cat" time="0.033" classname="cn.gloryroad.Grouping"/>
</testsuite> <!-- cn.gloryroad.Grouping -->
