<?xml version="1.0" encoding="UTF-8"?>
<!-- Generated by org.testng.reporters.JUnitReportReporter -->
<testsuite skipped="0" hostname="P6VDINPD146" name="cn.gloryroad.SequenceTest" tests="3" failures="0" timestamp="2020-01-17T15:42:23 CST" time="0.094" errors="0">
  <testcase name="test2" time="0.091" classname="cn.gloryroad.SequenceTest"/>
  <testcase name="test3" time="0.001" classname="cn.gloryroad.SequenceTest"/>
  <testcase name="test1" time="0.002" classname="cn.gloryroad.SequenceTest"/>
</testsuite> <!-- cn.gloryroad.SequenceTest -->
