<?xml version="1.0" encoding="UTF-8"?>
<!-- Generated by org.testng.reporters.JUnitReportReporter -->
<testsuite skipped="0" hostname="P6VDINPD146" name="cn.gloryroad.MultipeBrowserSearchTest" tests="1" failures="0" timestamp="2020-01-20T11:33:51 CST" time="10.474" errors="0">
  <testcase name="testSogouSearch" time="10.474" classname="cn.gloryroad.MultipeBrowserSearchTest"/>
</testsuite> <!-- cn.gloryroad.MultipeBrowserSearchTest -->
