<?xml version="1.0" encoding="UTF-8"?>
<!-- Generated by org.testng.reporters.JUnitReportReporter -->
<testsuite skipped="0" hostname="P6VDINPD146" name="cn.gloryroad.TestBaidu" tests="1" failures="0" timestamp="2020-01-17T13:51:18 CST" time="33.786" errors="0">
  <testcase name="testBaidu" time="33.786" classname="cn.gloryroad.TestBaidu"/>
</testsuite> <!-- cn.gloryroad.TestBaidu -->
