<?xml version="1.0" encoding="UTF-8"?>
<!-- Generated by org.testng.reporters.JUnitReportReporter -->
<testsuite skipped="0" hostname="P6VDINPD146" name="cn.gloryroad.ReviewTest" tests="1" failures="0" timestamp="2020-02-03T14:28:58 CST" time="28.655" errors="0">
  <testcase name="baiduTest" time="28.655" classname="cn.gloryroad.ReviewTest"/>
</testsuite> <!-- cn.gloryroad.ReviewTest -->
