<?xml version="1.0" encoding="UTF-8"?>
<!-- Generated by org.testng.reporters.JUnitReportReporter -->
<testsuite skipped="0" hostname="P6VDINPD146" name="cn.gloryroad.ChromeTest" tests="1" failures="0" timestamp="2020-01-19T17:26:49 CST" time="12.664" errors="0">
  <testcase name="sogouSearch" time="12.664" classname="cn.gloryroad.ChromeTest"/>
</testsuite> <!-- cn.gloryroad.ChromeTest -->
